<?xml version="1.0" encoding="UTF-8"?>
<!-- Generated by org.testng.reporters.JUnitReportReporter -->
<testsuite hostname="DESKTOP-B7K6OT8" name="com.flipflipom.testcases.TestCaseEletronics" tests="1" failures="0" timestamp="2 Jul 2019 04:03:46 GMT" time="58.767" errors="0">
  <testcase name="selectEletrinicsItem" time="58.767" classname="com.flipflipom.testcases.TestCaseEletronics"/>
</testsuite> <!-- com.flipflipom.testcases.TestCaseEletronics -->
